<?xml version="1.0" encoding="UTF-8"?>
<!-- Generated by org.testng.reporters.JUnitXMLReporter -->
<testsuite ignored="0" hostname="Om-Satapthy01.local" failures="0" tests="4" name="Test" time="0.019" errors="0" timestamp="2024-12-13T16:05:38 IST">
  <testcase classname="com.testng.Bestpratices" name="test1" time="0.004"/>
  <testcase classname="com.testng.Bestpratices" name="test2" time="0.0"/>
  <testcase classname="com.testng.Bestpratices" name="test3" time="0.0"/>
  <testcase classname="com.testng.Bestpratices" name="test4" time="0.001"/>
</testsuite> <!-- Test -->
