<?xml version="1.0" encoding="UTF-8"?>
<testng-results ignored="0" total="2" passed="2" failed="0" skipped="0">
  <reporter-output>
  </reporter-output>
  <suite started-at="2024-11-10T18:42:10 IST" name="Surefire suite" finished-at="2024-11-10T18:43:34 IST" duration-ms="83490">
    <groups>
    </groups>
    <test started-at="2024-11-10T18:42:10 IST" name="Surefire test" finished-at="2024-11-10T18:43:34 IST" duration-ms="83490">
      <class name="systemsplus.HomePageTest">
        <test-method is-config="true" signature="setUp()[pri:0, instance:systemsplus.HomePageTest@add0edd]" started-at="2024-11-10T18:42:10 IST" name="setUp" finished-at="2024-11-10T18:42:19 IST" duration-ms="8503" status="PASS">
          <reporter-output>
          </reporter-output>
        </test-method> <!-- setUp -->
        <test-method signature="testSearchFunctionality()[pri:1, instance:systemsplus.HomePageTest@add0edd]" started-at="2024-11-10T18:42:19 IST" name="testSearchFunctionality" finished-at="2024-11-10T18:42:49 IST" duration-ms="30445" status="PASS">
          <reporter-output>
          </reporter-output>
        </test-method> <!-- testSearchFunctionality -->
        <test-method is-config="true" signature="tearDown()[pri:0, instance:systemsplus.HomePageTest@add0edd]" started-at="2024-11-10T18:42:49 IST" name="tearDown" finished-at="2024-11-10T18:42:49 IST" duration-ms="220" status="PASS">
          <reporter-output>
          </reporter-output>
        </test-method> <!-- tearDown -->
        <test-method is-config="true" signature="setUp()[pri:0, instance:systemsplus.HomePageTest@add0edd]" started-at="2024-11-10T18:42:49 IST" name="setUp" finished-at="2024-11-10T18:42:56 IST" duration-ms="6774" status="PASS">
          <reporter-output>
          </reporter-output>
        </test-method> <!-- setUp -->
        <test-method signature="testLocationFuctionality()[pri:2, instance:systemsplus.HomePageTest@add0edd]" started-at="2024-11-10T18:42:56 IST" name="testLocationFuctionality" finished-at="2024-11-10T18:43:33 IST" duration-ms="37313" status="PASS">
          <reporter-output>
          </reporter-output>
        </test-method> <!-- testLocationFuctionality -->
        <test-method is-config="true" signature="tearDown()[pri:0, instance:systemsplus.HomePageTest@add0edd]" started-at="2024-11-10T18:43:33 IST" name="tearDown" finished-at="2024-11-10T18:43:34 IST" duration-ms="224" status="PASS">
          <reporter-output>
          </reporter-output>
        </test-method> <!-- tearDown -->
      </class> <!-- systemsplus.HomePageTest -->
    </test> <!-- Surefire test -->
  </suite> <!-- Surefire suite -->
</testng-results>
