<?xml version="1.0" encoding="UTF-8"?>
<testng-results ignored="0" total="2" passed="2" failed="0" skipped="0">
  <reporter-output>
  </reporter-output>
  <suite started-at="2024-11-10T18:33:07 IST" name="Default suite" finished-at="2024-11-10T18:34:30 IST" duration-ms="83672">
    <groups>
    </groups>
    <test started-at="2024-11-10T18:33:07 IST" name="Default test" finished-at="2024-11-10T18:34:30 IST" duration-ms="83672">
      <class name="systemsplus.HomePageTest">
        <test-method is-config="true" signature="setUp()[pri:0, instance:systemsplus.HomePageTest@7334aada]" started-at="2024-11-10T18:33:07 IST" name="setUp" finished-at="2024-11-10T18:33:16 IST" duration-ms="8755" status="PASS">
          <reporter-output>
          </reporter-output>
        </test-method> <!-- setUp -->
        <test-method signature="testSearchFunctionality()[pri:1, instance:systemsplus.HomePageTest@7334aada]" started-at="2024-11-10T18:33:16 IST" name="testSearchFunctionality" finished-at="2024-11-10T18:33:46 IST" duration-ms="30405" status="PASS">
          <reporter-output>
          </reporter-output>
        </test-method> <!-- testSearchFunctionality -->
        <test-method is-config="true" signature="tearDown()[pri:0, instance:systemsplus.HomePageTest@7334aada]" started-at="2024-11-10T18:33:46 IST" name="tearDown" finished-at="2024-11-10T18:33:46 IST" duration-ms="218" status="PASS">
          <reporter-output>
          </reporter-output>
        </test-method> <!-- tearDown -->
        <test-method is-config="true" signature="setUp()[pri:0, instance:systemsplus.HomePageTest@7334aada]" started-at="2024-11-10T18:33:46 IST" name="setUp" finished-at="2024-11-10T18:33:53 IST" duration-ms="6672" status="PASS">
          <reporter-output>
          </reporter-output>
        </test-method> <!-- setUp -->
        <test-method signature="testLocationFuctionality()[pri:2, instance:systemsplus.HomePageTest@7334aada]" started-at="2024-11-10T18:33:53 IST" name="testLocationFuctionality" finished-at="2024-11-10T18:34:30 IST" duration-ms="37388" status="PASS">
          <reporter-output>
          </reporter-output>
        </test-method> <!-- testLocationFuctionality -->
        <test-method is-config="true" signature="tearDown()[pri:0, instance:systemsplus.HomePageTest@7334aada]" started-at="2024-11-10T18:34:30 IST" name="tearDown" finished-at="2024-11-10T18:34:30 IST" duration-ms="215" status="PASS">
          <reporter-output>
          </reporter-output>
        </test-method> <!-- tearDown -->
      </class> <!-- systemsplus.HomePageTest -->
    </test> <!-- Default test -->
  </suite> <!-- Default suite -->
</testng-results>
